{"/Users/ladislavdono/Projects/AutomatonBuilderGUI/src/TokenWrapper.ts": {"path":"/Users/ladislavdono/Projects/AutomatonBuilderGUI/src/TokenWrapper.ts","statementMap":{"0":{"start":{"line":1,"column":0},"end":{"line":1,"column":36}},"1":{"start":{"line":7,"column":0},"end":{"line":7,"column":null}},"2":{"start":{"line":37,"column":16},"end":{"line":37,"column":46}},"3":{"start":{"line":37,"column":46},"end":{"line":37,"column":null}},"4":{"start":{"line":38,"column":8},"end":{"line":38,"column":34}},"5":{"start":{"line":39,"column":8},"end":{"line":39,"column":35}},"6":{"start":{"line":22,"column":4},"end":{"line":24,"column":null}},"7":{"start":{"line":23,"column":8},"end":{"line":23,"column":24}},"8":{"start":{"line":47,"column":11},"end":{"line":52,"column":null}},"9":{"start":{"line":48,"column":8},"end":{"line":51,"column":10}},"10":{"start":{"line":53,"column":0},"end":{"line":53,"column":null}}},"fnMap":{"0":{"name":"(anonymous_0)","decl":{"start":{"line":7,"column":0},"end":{"line":7,"column":null}},"loc":{"start":{"line":7,"column":0},"end":{"line":53,"column":null}}},"1":{"name":"TokenWrapper","decl":{"start":{"line":37,"column":4},"end":{"line":37,"column":16}},"loc":{"start":{"line":37,"column":70},"end":{"line":40,"column":5}}},"2":{"name":"(anonymous_2)","decl":{"start":{"line":22,"column":4},"end":{"line":22,"column":15}},"loc":{"start":{"line":22,"column":4},"end":{"line":24,"column":5}}},"3":{"name":"(anonymous_3)","decl":{"start":{"line":47,"column":4},"end":{"line":47,"column":11}},"loc":{"start":{"line":47,"column":4},"end":{"line":52,"column":5}}}},"branchMap":{"0":{"loc":{"start":{"line":37,"column":16},"end":{"line":37,"column":46}},"type":"if","locations":[{"start":{"line":37,"column":16},"end":{"line":37,"column":46}}]},"1":{"loc":{"start":{"line":37,"column":46},"end":{"line":37,"column":null}},"type":"if","locations":[{"start":{"line":37,"column":46},"end":{"line":37,"column":null}}]},"2":{"loc":{"start":{"line":38,"column":19},"end":{"line":38,"column":33}},"type":"cond-expr","locations":[{"start":{"line":38,"column":19},"end":{"line":38,"column":21}},{"start":{"line":38,"column":25},"end":{"line":38,"column":33}}]},"3":{"loc":{"start":{"line":38,"column":19},"end":{"line":38,"column":25}},"type":"binary-expr","locations":[{"start":{"line":38,"column":19},"end":{"line":38,"column":25}},{"start":{"line":38,"column":19},"end":{"line":38,"column":25}}]},"4":{"loc":{"start":{"line":39,"column":22},"end":{"line":39,"column":34}},"type":"cond-expr","locations":[{"start":{"line":39,"column":22},"end":{"line":39,"column":28}},{"start":{"line":39,"column":32},"end":{"line":39,"column":34}}]},"5":{"loc":{"start":{"line":39,"column":22},"end":{"line":39,"column":32}},"type":"binary-expr","locations":[{"start":{"line":39,"column":22},"end":{"line":39,"column":32}},{"start":{"line":39,"column":22},"end":{"line":39,"column":32}}]}},"s":{"0":1,"1":1,"2":8,"3":13,"4":7,"5":7,"6":1,"7":8,"8":1,"9":1,"10":1},"f":{"0":1,"1":7,"2":8,"3":1},"b":{"0":[1],"1":[6],"2":[1,6],"3":[7,1],"4":[6,1],"5":[7,6]}}
,"/Users/ladislavdono/Projects/AutomatonBuilderGUI/src/UndoRedoManager.ts": {"path":"/Users/ladislavdono/Projects/AutomatonBuilderGUI/src/UndoRedoManager.ts","statementMap":{"0":{"start":{"line":1,"column":0},"end":{"line":1,"column":36}},"1":{"start":{"line":3,"column":0},"end":{"line":3,"column":21}},"2":{"start":{"line":17,"column":16},"end":{"line":21,"column":null}},"3":{"start":{"line":18,"column":4},"end":{"line":18,"column":21}},"4":{"start":{"line":19,"column":4},"end":{"line":19,"column":29}},"5":{"start":{"line":20,"column":4},"end":{"line":20,"column":25}},"6":{"start":{"line":22,"column":16},"end":{"line":47,"column":null}},"7":{"start":{"line":22,"column":43},"end":{"line":22,"column":null}},"8":{"start":{"line":23,"column":4},"end":{"line":40,"column":5}},"9":{"start":{"line":26,"column":6},"end":{"line":26,"column":31}},"10":{"start":{"line":27,"column":6},"end":{"line":27,"column":31}},"11":{"start":{"line":32,"column":6},"end":{"line":37,"column":7}},"12":{"start":{"line":36,"column":8},"end":{"line":36,"column":26}},"13":{"start":{"line":38,"column":6},"end":{"line":38,"column":31}},"14":{"start":{"line":39,"column":6},"end":{"line":39,"column":51}},"15":{"start":{"line":42,"column":4},"end":{"line":44,"column":5}},"16":{"start":{"line":43,"column":6},"end":{"line":43,"column":23}},"17":{"start":{"line":46,"column":4},"end":{"line":46,"column":25}},"18":{"start":{"line":49,"column":16},"end":{"line":57,"column":null}},"19":{"start":{"line":50,"column":4},"end":{"line":53,"column":5}},"20":{"start":{"line":51,"column":6},"end":{"line":51,"column":72}},"21":{"start":{"line":52,"column":6},"end":{"line":52,"column":13}},"22":{"start":{"line":54,"column":4},"end":{"line":54,"column":29}},"23":{"start":{"line":55,"column":4},"end":{"line":55,"column":47}},"24":{"start":{"line":56,"column":4},"end":{"line":56,"column":25}},"25":{"start":{"line":59,"column":16},"end":{"line":67,"column":null}},"26":{"start":{"line":60,"column":4},"end":{"line":63,"column":5}},"27":{"start":{"line":61,"column":6},"end":{"line":61,"column":61}},"28":{"start":{"line":62,"column":6},"end":{"line":62,"column":13}},"29":{"start":{"line":64,"column":4},"end":{"line":64,"column":48}},"30":{"start":{"line":65,"column":4},"end":{"line":65,"column":29}},"31":{"start":{"line":66,"column":4},"end":{"line":66,"column":25}},"32":{"start":{"line":71,"column":16},"end":{"line":73,"column":null}},"33":{"start":{"line":72,"column":4},"end":{"line":72,"column":23}},"34":{"start":{"line":75,"column":16},"end":{"line":77,"column":null}},"35":{"start":{"line":76,"column":4},"end":{"line":76,"column":31}},"36":{"start":{"line":79,"column":16},"end":{"line":81,"column":null}},"37":{"start":{"line":80,"column":4},"end":{"line":80,"column":34}},"38":{"start":{"line":83,"column":16},"end":{"line":85,"column":null}},"39":{"start":{"line":84,"column":4},"end":{"line":84,"column":37}},"40":{"start":{"line":87,"column":17},"end":{"line":89,"column":null}},"41":{"start":{"line":88,"column":4},"end":{"line":88,"column":54}},"42":{"start":{"line":88,"column":42},"end":{"line":88,"column":53}},"43":{"start":{"line":5,"column":17},"end":{"line":5,"column":44}},"44":{"start":{"line":12,"column":17},"end":{"line":12,"column":45}},"45":{"start":{"line":15,"column":17},"end":{"line":15,"column":69}},"46":{"start":{"line":90,"column":0},"end":{"line":90,"column":null}},"47":{"start":{"line":3,"column":21},"end":{"line":3,"column":null}},"48":{"start":{"line":92,"column":0},"end":{"line":92,"column":13}},"49":{"start":{"line":107,"column":4},"end":{"line":107,"column":21}},"50":{"start":{"line":108,"column":4},"end":{"line":108,"column":39}},"51":{"start":{"line":109,"column":4},"end":{"line":109,"column":28}},"52":{"start":{"line":110,"column":4},"end":{"line":110,"column":30}},"53":{"start":{"line":111,"column":4},"end":{"line":111,"column":22}},"54":{"start":{"line":112,"column":4},"end":{"line":112,"column":24}},"55":{"start":{"line":115,"column":2},"end":{"line":117,"column":null}},"56":{"start":{"line":116,"column":4},"end":{"line":116,"column":20}},"57":{"start":{"line":119,"column":9},"end":{"line":121,"column":null}},"58":{"start":{"line":120,"column":4},"end":{"line":120,"column":30}},"59":{"start":{"line":123,"column":9},"end":{"line":125,"column":null}},"60":{"start":{"line":124,"column":4},"end":{"line":124,"column":31}},"61":{"start":{"line":126,"column":0},"end":{"line":126,"column":null}},"62":{"start":{"line":92,"column":13},"end":{"line":92,"column":19}},"63":{"start":{"line":128,"column":0},"end":{"line":128,"column":13}},"64":{"start":{"line":128,"column":25},"end":{"line":128,"column":null}},"65":{"start":{"line":128,"column":13},"end":{"line":128,"column":23}}},"fnMap":{"0":{"name":"(anonymous_0)","decl":{"start":{"line":3,"column":0},"end":{"line":3,"column":21}},"loc":{"start":{"line":3,"column":0},"end":{"line":3,"column":21}}},"1":{"name":"(anonymous_2)","decl":{"start":{"line":17,"column":2},"end":{"line":17,"column":16}},"loc":{"start":{"line":17,"column":2},"end":{"line":21,"column":3}}},"2":{"name":"(anonymous_3)","decl":{"start":{"line":22,"column":2},"end":{"line":22,"column":16}},"loc":{"start":{"line":22,"column":73},"end":{"line":47,"column":3}}},"3":{"name":"(anonymous_4)","decl":{"start":{"line":49,"column":2},"end":{"line":49,"column":16}},"loc":{"start":{"line":49,"column":2},"end":{"line":57,"column":3}}},"4":{"name":"(anonymous_5)","decl":{"start":{"line":59,"column":2},"end":{"line":59,"column":16}},"loc":{"start":{"line":59,"column":2},"end":{"line":67,"column":3}}},"5":{"name":"(anonymous_6)","decl":{"start":{"line":71,"column":2},"end":{"line":71,"column":16}},"loc":{"start":{"line":71,"column":2},"end":{"line":73,"column":3}}},"6":{"name":"(anonymous_7)","decl":{"start":{"line":75,"column":2},"end":{"line":75,"column":16}},"loc":{"start":{"line":75,"column":2},"end":{"line":77,"column":3}}},"7":{"name":"(anonymous_8)","decl":{"start":{"line":79,"column":2},"end":{"line":79,"column":16}},"loc":{"start":{"line":79,"column":65},"end":{"line":81,"column":3}}},"8":{"name":"(anonymous_9)","decl":{"start":{"line":83,"column":2},"end":{"line":83,"column":16}},"loc":{"start":{"line":83,"column":64},"end":{"line":85,"column":3}}},"9":{"name":"(anonymous_10)","decl":{"start":{"line":87,"column":2},"end":{"line":87,"column":17}},"loc":{"start":{"line":87,"column":2},"end":{"line":89,"column":3}}},"10":{"name":"(anonymous_11)","decl":{"start":{"line":88,"column":28},"end":{"line":88,"column":29}},"loc":{"start":{"line":88,"column":37},"end":{"line":88,"column":50}}},"11":{"name":"(anonymous_12)","decl":{"start":{"line":92,"column":0},"end":{"line":92,"column":13}},"loc":{"start":{"line":92,"column":0},"end":{"line":126,"column":null}}},"12":{"name":"Action","decl":{"start":{"line":100,"column":2},"end":{"line":100,"column":null}},"loc":{"start":{"line":105,"column":20},"end":{"line":113,"column":3}}},"13":{"name":"(anonymous_14)","decl":{"start":{"line":115,"column":2},"end":{"line":115,"column":13}},"loc":{"start":{"line":115,"column":2},"end":{"line":117,"column":3}}},"14":{"name":"(anonymous_15)","decl":{"start":{"line":119,"column":2},"end":{"line":119,"column":9}},"loc":{"start":{"line":119,"column":2},"end":{"line":121,"column":3}}},"15":{"name":"(anonymous_16)","decl":{"start":{"line":123,"column":2},"end":{"line":123,"column":9}},"loc":{"start":{"line":123,"column":2},"end":{"line":125,"column":3}}},"16":{"name":"(anonymous_17)","decl":{"start":{"line":128,"column":0},"end":{"line":128,"column":13}},"loc":{"start":{"line":128,"column":0},"end":{"line":128,"column":-1}}}},"branchMap":{"0":{"loc":{"start":{"line":22,"column":43},"end":{"line":22,"column":null}},"type":"if","locations":[{"start":{"line":22,"column":43},"end":{"line":22,"column":null}}]},"1":{"loc":{"start":{"line":23,"column":4},"end":{"line":40,"column":5}},"type":"if","locations":[{"start":{"line":23,"column":4},"end":{"line":40,"column":5}},{"start":{"line":28,"column":11},"end":{"line":40,"column":5}}]},"2":{"loc":{"start":{"line":33,"column":8},"end":{"line":34,"column":52}},"type":"binary-expr","locations":[{"start":{"line":33,"column":8},"end":{"line":33,"column":30}},{"start":{"line":34,"column":8},"end":{"line":34,"column":52}}]},"3":{"loc":{"start":{"line":42,"column":4},"end":{"line":44,"column":5}},"type":"if","locations":[{"start":{"line":42,"column":4},"end":{"line":44,"column":5}}]},"4":{"loc":{"start":{"line":50,"column":4},"end":{"line":53,"column":5}},"type":"if","locations":[{"start":{"line":50,"column":4},"end":{"line":53,"column":5}}]},"5":{"loc":{"start":{"line":60,"column":4},"end":{"line":63,"column":5}},"type":"if","locations":[{"start":{"line":60,"column":4},"end":{"line":63,"column":5}}]}},"s":{"0":1,"1":1,"2":1,"3":5,"4":5,"5":5,"6":1,"7":8,"8":4,"9":4,"10":4,"11":0,"12":0,"13":0,"14":0,"15":4,"16":4,"17":4,"18":1,"19":1,"20":0,"21":0,"22":1,"23":1,"24":1,"25":1,"26":2,"27":0,"28":0,"29":2,"30":2,"31":2,"32":1,"33":2,"34":1,"35":4,"36":1,"37":0,"38":1,"39":0,"40":1,"41":12,"42":0,"43":1,"44":1,"45":1,"46":1,"47":1,"48":1,"49":4,"50":4,"51":4,"52":4,"53":4,"54":4,"55":1,"56":0,"57":1,"58":5,"59":1,"60":2,"61":1,"62":1,"63":1,"64":1,"65":1},"f":{"0":1,"1":5,"2":4,"3":1,"4":2,"5":2,"6":4,"7":0,"8":0,"9":12,"10":0,"11":1,"12":4,"13":0,"14":5,"15":2,"16":5},"b":{"0":[4],"1":[4,0],"2":[0,0],"3":[4],"4":[0],"5":[0]}}
}
