TN:
SF:src/TokenWrapper.ts
FN:7,(anonymous_0)
FN:37,TokenWrapper
FN:22,(anonymous_2)
FN:47,(anonymous_3)
FNF:4
FNH:4
FNDA:1,(anonymous_0)
FNDA:7,TokenWrapper
FNDA:8,(anonymous_2)
FNDA:1,(anonymous_3)
DA:1,1
DA:7,1
DA:22,1
DA:23,8
DA:37,13
DA:38,7
DA:39,7
DA:47,1
DA:48,1
DA:53,1
LF:10
LH:10
BRDA:37,0,0,1
BRDA:37,1,0,6
BRDA:38,2,0,1
BRDA:38,2,1,6
BRDA:38,3,0,7
BRDA:38,3,1,1
BRDA:39,4,0,6
BRDA:39,4,1,1
BRDA:39,5,0,7
BRDA:39,5,1,6
BRF:10
BRH:10
end_of_record
TN:
SF:src/UndoRedoManager.ts
FN:3,(anonymous_0)
FN:17,(anonymous_2)
FN:22,(anonymous_3)
FN:49,(anonymous_4)
FN:59,(anonymous_5)
FN:71,(anonymous_6)
FN:75,(anonymous_7)
FN:79,(anonymous_8)
FN:83,(anonymous_9)
FN:87,(anonymous_10)
FN:88,(anonymous_11)
FN:92,(anonymous_12)
FN:100,Action
FN:115,(anonymous_14)
FN:119,(anonymous_15)
FN:123,(anonymous_16)
FN:128,(anonymous_17)
FNF:17
FNH:13
FNDA:1,(anonymous_0)
FNDA:5,(anonymous_2)
FNDA:4,(anonymous_3)
FNDA:1,(anonymous_4)
FNDA:2,(anonymous_5)
FNDA:2,(anonymous_6)
FNDA:4,(anonymous_7)
FNDA:0,(anonymous_8)
FNDA:0,(anonymous_9)
FNDA:12,(anonymous_10)
FNDA:0,(anonymous_11)
FNDA:1,(anonymous_12)
FNDA:4,Action
FNDA:0,(anonymous_14)
FNDA:5,(anonymous_15)
FNDA:2,(anonymous_16)
FNDA:5,(anonymous_17)
DA:1,1
DA:3,1
DA:5,1
DA:12,1
DA:15,1
DA:17,1
DA:18,5
DA:19,5
DA:20,5
DA:22,8
DA:23,4
DA:26,4
DA:27,4
DA:32,0
DA:36,0
DA:38,0
DA:39,0
DA:42,4
DA:43,4
DA:46,4
DA:49,1
DA:50,1
DA:51,0
DA:52,0
DA:54,1
DA:55,1
DA:56,1
DA:59,1
DA:60,2
DA:61,0
DA:62,0
DA:64,2
DA:65,2
DA:66,2
DA:71,1
DA:72,2
DA:75,1
DA:76,4
DA:79,1
DA:80,0
DA:83,1
DA:84,0
DA:87,1
DA:88,12
DA:90,1
DA:92,1
DA:107,4
DA:108,4
DA:109,4
DA:110,4
DA:111,4
DA:112,4
DA:115,1
DA:116,0
DA:119,1
DA:120,5
DA:123,1
DA:124,2
DA:126,1
DA:128,1
LF:60
LH:49
BRDA:22,0,0,4
BRDA:23,1,0,4
BRDA:23,1,1,0
BRDA:33,2,0,0
BRDA:33,2,1,0
BRDA:42,3,0,4
BRDA:50,4,0,0
BRDA:60,5,0,0
BRF:8
BRH:3
end_of_record
